<?xml version="1.0" encoding="UTF-8"?>
<!-- Generated by org.testng.reporters.JUnitReportReporter -->
<testsuite hostname="HpLaptop" failures="0" tests="3" name="com.SwgLabs.testcases.TC_MyAccountPageTestDataDrivenTesting" time="15.250" errors="0" timestamp="2024-10-09T15:46:09 IST" skipped="1">
  <testcase classname="com.SwgLabs.testcases.TC_MyAccountPageTestDataDrivenTesting" name="verifyLogin" time="6.189"/>
  <testcase classname="com.SwgLabs.testcases.TC_MyAccountPageTestDataDrivenTesting" name="verifyLogin" time="9.061"/>
  <testcase classname="com.SwgLabs.testcases.TC_MyAccountPageTestDataDrivenTesting" name="verifyRegistrationAndLogin">
    <skipped/>
  </testcase> <!-- verifyRegistrationAndLogin -->
</testsuite> <!-- com.SwgLabs.testcases.TC_MyAccountPageTestDataDrivenTesting -->
