<?xml version="1.0" encoding="UTF-8"?>
<!-- Generated by org.testng.reporters.JUnitReportReporter -->
<testsuite hostname="HpLaptop" failures="0" tests="3" name="com.SwagLabs.testcases.TC_MyAccountPageTestDataDrivenTesting" time="24.344" errors="0" timestamp="2024-10-10T19:24:20 IST" skipped="1">
  <testcase classname="com.SwagLabs.testcases.TC_MyAccountPageTestDataDrivenTesting" name="verifyLogin" time="8.941"/>
  <testcase classname="com.SwagLabs.testcases.TC_MyAccountPageTestDataDrivenTesting" name="verifyLogin" time="15.403"/>
  <testcase classname="com.SwagLabs.testcases.TC_MyAccountPageTestDataDrivenTesting" name="verifyRegistrationAndLogin">
    <skipped/>
  </testcase> <!-- verifyRegistrationAndLogin -->
</testsuite> <!-- com.SwagLabs.testcases.TC_MyAccountPageTestDataDrivenTesting -->
